<?xml version="1.0" encoding="UTF-8"?>
<!-- Generated by org.testng.reporters.JUnitXMLReporter -->
<testsuite ignored="3" hostname="PHANISON-ACER-SWIFT-3" failures="0" tests="1" name="Test" time="23.451" errors="0" timestamp="2021-05-25T11:20:45 IST">
  <testcase classname="com.basic.BasicTest" name="addition" time="6.008"/>
  <testcase classname="com.basic.BasicTest" name="multiplication" time="0.0">
    <ignored/>
  </testcase> <!-- multiplication -->
  <testcase classname="com.basic.BasicTest" name="subtraction" time="0.0">
    <ignored/>
  </testcase> <!-- subtraction -->
  <testcase classname="com.basic.BasicTest" name="division" time="0.0">
    <ignored/>
  </testcase> <!-- division -->
</testsuite> <!-- Test -->
