<?xml version="1.0" encoding="UTF-8"?>
<!-- Generated by org.testng.reporters.JUnitXMLReporter -->
<testsuite ignored="3" hostname="PHANISON-ACER-SWIFT-3" failures="1" tests="1" name="Test" time="14.527" errors="0" timestamp="2021-05-21T16:26:17 IST">
  <testcase classname="com.basic.BasicTest" name="addition" time="0.497">
    <failure type="java.lang.NullPointerException" message="Cannot invoke &amp;quot;com.aventstack.extentreports.ExtentTest.log(com.aventstack.extentreports.Status, String)&amp;quot; because the return value of &amp;quot;java.lang.ThreadLocal.get()&amp;quot; is null">
      <![CDATA[java.lang.NullPointerException: Cannot invoke "com.aventstack.extentreports.ExtentTest.log(com.aventstack.extentreports.Status, String)" because the return value of "java.lang.ThreadLocal.get()" is null
at com.util.TestUtil.log(TestUtil.java:41)
at com.basic.BasicTest.addition(BasicTest.java:16)
at java.base/java.util.ArrayList.forEach(ArrayList.java:1511)
... Removed 27 stack frames]]>
    </failure>
  </testcase> <!-- addition -->
  <testcase classname="com.basic.BasicTest" name="multiplication" time="0.0">
    <ignored/>
  </testcase> <!-- multiplication -->
  <testcase classname="com.basic.BasicTest" name="subtraction" time="0.0">
    <ignored/>
  </testcase> <!-- subtraction -->
  <testcase classname="com.basic.BasicTest" name="division" time="0.0">
    <ignored/>
  </testcase> <!-- division -->
</testsuite> <!-- Test -->
