<?xml version="1.0" encoding="UTF-8"?>
<testng-results ignored="3" total="4" passed="1" failed="0" skipped="0">
  <reporter-output>
  </reporter-output>
  <suite started-at="2021-05-25T11:20:22 IST" name="Suite" finished-at="2021-05-25T11:20:45 IST" duration-ms="23451">
    <groups>
    </groups>
    <test started-at="2021-05-25T11:20:22 IST" name="Test" finished-at="2021-05-25T11:20:45 IST" duration-ms="23451">
      <class name="com.basic.BasicTest">
        <test-method is-config="true" signature="setup()[pri:0, instance:com.basic.BasicTest@1613674b]" started-at="2021-05-25T11:20:22 IST" name="setup" finished-at="2021-05-25T11:20:38 IST" duration-ms="15877" status="PASS">
          <reporter-output>
          </reporter-output>
        </test-method> <!-- setup -->
        <test-method signature="addition()[pri:1, instance:com.basic.BasicTest@1613674b]" started-at="2021-05-25T11:20:38 IST" name="addition" finished-at="2021-05-25T11:20:44 IST" duration-ms="6008" status="PASS">
          <reporter-output>
          </reporter-output>
        </test-method> <!-- addition -->
        <test-method is-config="true" signature="tear()[pri:0, instance:com.basic.BasicTest@1613674b]" started-at="2021-05-25T11:20:44 IST" name="tear" finished-at="2021-05-25T11:20:45 IST" duration-ms="1042" status="PASS">
          <reporter-output>
          </reporter-output>
        </test-method> <!-- tear -->
      </class> <!-- com.basic.BasicTest -->
    </test> <!-- Test -->
  </suite> <!-- Suite -->
</testng-results>
