<?xml version="1.0" encoding="UTF-8"?>
<testng-results ignored="0" total="4" passed="4" failed="0" skipped="0">
  <reporter-output>
  </reporter-output>
  <suite started-at="2021-05-16T00:54:13 IST" name="Suite" finished-at="2021-05-16T00:55:20 IST" duration-ms="67344">
    <groups>
    </groups>
    <test started-at="2021-05-16T00:54:13 IST" name="Test" finished-at="2021-05-16T00:55:20 IST" duration-ms="67344">
      <class name="com.basic.BasicTest">
        <test-method is-config="true" signature="setup()[pri:0, instance:com.basic.BasicTest@732c2a62]" started-at="2021-05-16T00:54:13 IST" name="setup" finished-at="2021-05-16T00:54:25 IST" duration-ms="12333" status="PASS">
          <reporter-output>
          </reporter-output>
        </test-method> <!-- setup -->
        <test-method signature="addition()[pri:1, instance:com.basic.BasicTest@732c2a62]" started-at="2021-05-16T00:54:25 IST" name="addition" finished-at="2021-05-16T00:54:29 IST" duration-ms="3768" status="PASS">
          <reporter-output>
          </reporter-output>
        </test-method> <!-- addition -->
        <test-method is-config="true" signature="tear()[pri:0, instance:com.basic.BasicTest@732c2a62]" started-at="2021-05-16T00:54:29 IST" name="tear" finished-at="2021-05-16T00:54:30 IST" duration-ms="858" status="PASS">
          <reporter-output>
          </reporter-output>
        </test-method> <!-- tear -->
        <test-method is-config="true" signature="setup()[pri:0, instance:com.basic.BasicTest@732c2a62]" started-at="2021-05-16T00:54:30 IST" name="setup" finished-at="2021-05-16T00:54:41 IST" duration-ms="11261" status="PASS">
          <reporter-output>
          </reporter-output>
        </test-method> <!-- setup -->
        <test-method signature="subtraction()[pri:2, instance:com.basic.BasicTest@732c2a62]" started-at="2021-05-16T00:54:41 IST" name="subtraction" finished-at="2021-05-16T00:54:45 IST" duration-ms="4009" status="PASS">
          <reporter-output>
          </reporter-output>
        </test-method> <!-- subtraction -->
        <test-method is-config="true" signature="tear()[pri:0, instance:com.basic.BasicTest@732c2a62]" started-at="2021-05-16T00:54:45 IST" name="tear" finished-at="2021-05-16T00:54:46 IST" duration-ms="1193" status="PASS">
          <reporter-output>
          </reporter-output>
        </test-method> <!-- tear -->
        <test-method is-config="true" signature="setup()[pri:0, instance:com.basic.BasicTest@732c2a62]" started-at="2021-05-16T00:54:46 IST" name="setup" finished-at="2021-05-16T00:54:58 IST" duration-ms="11426" status="PASS">
          <reporter-output>
          </reporter-output>
        </test-method> <!-- setup -->
        <test-method signature="multiplication()[pri:3, instance:com.basic.BasicTest@732c2a62]" started-at="2021-05-16T00:54:58 IST" name="multiplication" finished-at="2021-05-16T00:55:02 IST" duration-ms="4487" status="PASS">
          <reporter-output>
          </reporter-output>
        </test-method> <!-- multiplication -->
        <test-method is-config="true" signature="tear()[pri:0, instance:com.basic.BasicTest@732c2a62]" started-at="2021-05-16T00:55:02 IST" name="tear" finished-at="2021-05-16T00:55:03 IST" duration-ms="907" status="PASS">
          <reporter-output>
          </reporter-output>
        </test-method> <!-- tear -->
        <test-method is-config="true" signature="setup()[pri:0, instance:com.basic.BasicTest@732c2a62]" started-at="2021-05-16T00:55:03 IST" name="setup" finished-at="2021-05-16T00:55:15 IST" duration-ms="11780" status="PASS">
          <reporter-output>
          </reporter-output>
        </test-method> <!-- setup -->
        <test-method signature="division()[pri:4, instance:com.basic.BasicTest@732c2a62]" started-at="2021-05-16T00:55:15 IST" name="division" finished-at="2021-05-16T00:55:19 IST" duration-ms="4150" status="PASS">
          <reporter-output>
          </reporter-output>
        </test-method> <!-- division -->
        <test-method is-config="true" signature="tear()[pri:0, instance:com.basic.BasicTest@732c2a62]" started-at="2021-05-16T00:55:19 IST" name="tear" finished-at="2021-05-16T00:55:20 IST" duration-ms="1043" status="PASS">
          <reporter-output>
          </reporter-output>
        </test-method> <!-- tear -->
      </class> <!-- com.basic.BasicTest -->
    </test> <!-- Test -->
  </suite> <!-- Suite -->
</testng-results>
